Unable to capture context for thread 9760 in process 8008, can not generate back trace
Unable to capture context for thread 16724 in process 8008, can not generate back trace
Unable to capture context for thread 4428 in process 8008, can not generate back trace
Exception at PC 0x00007FFF68B84008
Unable to capture context for thread 4428 in process 8008, can not generate back trace
Exception at PC 0x00007FFF2646BB93
Printing stacktrace...

Exception at PC 0x00007FFF68B84008
Exception at PC 0x00007FFF68B84008
Exception at PC 0x00007FFF68B84008
Exception at PC 0x00007FFF68B84008
Exception at PC 0x00007FFF68B84008
Exception at PC 0x00007FFF68B84008
Exception at PC 0x00007FFF68B84008
Exception at PC 0x00007FFF68B84008
Exception at PC 0x00007FFF68B84008
Exception at PC 0x00007FFF68B84008
Exception at PC 0x00007FFF68B84008
[0]  [0x00007FFF2646BB93]
[1]  [0x00007FFF2646BB93]
[2]  [0x00007FFF2646B4A1]
[3]  [0x00007FFF2646B3EF]
[4]  [0x00007FFF264519FE]
[5]  [0x00007FFF26450ED1]
[6]  [0x00007FFF26450D76]
[7]  [0x00007FFF263F79F6]
[8]  [0x00007FFF263E7AFB]
[9]  [0x00007FFF2650E90A]
[10]  [0x00007FFF26529F87]
[11]  [0x00007FFF2652A05F]
[12] (BaseThreadInitThunk+0x14) [0x00007FFF6BA41FE4]
[13] (RtlUserThreadStart+0x21) [0x00007FFF6BC9EFC1]
Done
Exception at PC 0x00007FFF68B84008
Exception at PC 0x00007FFF68B84008
Exception at PC 0x00007FFF68B84008
Exception at PC 0x00007FFF68B84008
Exception at PC 0x00007FFF68B84008
Exception at PC 0x00007FFF68B84008
