Unable to capture context for thread 20416 in process 12660, can not generate back trace
Unable to capture context for thread 21632 in process 12660, can not generate back trace
Unable to capture context for thread 22504 in process 12660, can not generate back trace
Exception at PC 0x00007FFB25724008
Unable to capture context for thread 22504 in process 12660, can not generate back trace
Exception at PC 0x00007FFAB0F6BB93
Printing stacktrace...

Exception at PC 0x00007FFB25724008
Exception at PC 0x00007FFB25724008
Exception at PC 0x00007FFB25724008
Exception at PC 0x00007FFB25724008
Exception at PC 0x00007FFB25724008
Exception at PC 0x00007FFB25724008
Exception at PC 0x00007FFB25724008
Exception at PC 0x00007FFB25724008
Exception at PC 0x00007FFB25724008
Exception at PC 0x00007FFB25724008
Exception at PC 0x00007FFB25724008
Exception at PC 0x00007FFB25724008
Exception at PC 0x00007FFB25724008
Exception at PC 0x00007FFB25724008
Exception at PC 0x00007FFB25724008
[0]  [0x00007FFAB0F6BB93]
[1]  [0x00007FFAB0F6BB93]
[2]  [0x00007FFAB0F6B4A1]
[3]  [0x00007FFAB0F6B3EF]
[4]  [0x00007FFAB0F519FE]
[5]  [0x00007FFAB0F50ED1]
[6]  [0x00007FFAB0F50D76]
[7]  [0x00007FFAB0EF79F6]
[8]  [0x00007FFAB0EE7AFB]
[9]  [0x00007FFAB100E90A]
[10]  [0x00007FFAB1029F87]
[11]  [0x00007FFAB102A05F]
[12] (BaseThreadInitThunk+0x14) [0x00007FFB26401FE4]
[13] (RtlUserThreadStart+0x21) [0x00007FFB28E7F061]
Done
Exception at PC 0x00007FFB25724008
Exception at PC 0x00007FFB25724008
