
*** Running vivado
    with args -log lab05bo.vds -m64 -mode batch -messageDb vivado.pb -notrace -source lab05bo.tcl


****** Vivado v2016.2 (64-bit)
  **** SW Build 1577090 on Thu Jun  2 16:32:40 MDT 2016
  **** IP Build 1577682 on Fri Jun  3 12:00:54 MDT 2016
    ** Copyright 1986-2016 Xilinx, Inc. All Rights Reserved.

source lab05bo.tcl -notrace
Command: synth_design -top lab05bo -part xc7a35tcpg236-1
Starting synth_design
Attempting to get a license for feature 'Synthesis' and/or device 'xc7a35t'
INFO: [Common 17-349] Got license for feature 'Synthesis' and/or device 'xc7a35t'
INFO: Launching helper process for spawning children vivado processes
INFO: Helper process launched with PID 13956 
WARNING: [Synth 8-2611] redeclaration of ansi port value is not allowed [D:/Jack/NTHU/2018_spring/LD exp/Lab05/lab05pre/lab05pre.srcs/sources_1/new/downcounter.v:34]
WARNING: [Synth 8-2611] redeclaration of ansi port borrow is not allowed [D:/Jack/NTHU/2018_spring/LD exp/Lab05/lab05pre/lab05pre.srcs/sources_1/new/downcounter.v:36]
WARNING: [Synth 8-2611] redeclaration of ansi port leds is not allowed [D:/Jack/NTHU/2018_spring/LD exp/Lab05/lab05bo/lab05bo.srcs/sources_1/new/stopwatch4.v:53]
WARNING: [Synth 8-2611] redeclaration of ansi port display is not allowed [D:/Jack/NTHU/2018_spring/LD exp/Lab05/lab05pre/lab05pre.srcs/sources_1/new/ssd_ctl.v:30]
WARNING: [Synth 8-2611] redeclaration of ansi port display_c is not allowed [D:/Jack/NTHU/2018_spring/LD exp/Lab05/lab05pre/lab05pre.srcs/sources_1/new/ssd_ctl.v:31]
WARNING: [Synth 8-2611] redeclaration of ansi port display is not allowed [D:/Jack/NTHU/2018_spring/LD exp/Lab05/lab05pre/lab05pre.srcs/sources_1/new/ssd.v:28]
WARNING: [Synth 8-2611] redeclaration of ansi port freeze_enable is not allowed [D:/Jack/NTHU/2018_spring/LD exp/Lab05/lab052/lab052.srcs/sources_1/new/FSM2.v:32]
WARNING: [Synth 8-2611] redeclaration of ansi port count_enable is not allowed [D:/Jack/NTHU/2018_spring/LD exp/Lab05/lab052/lab052.srcs/sources_1/new/FSM2.v:33]
WARNING: [Synth 8-2611] redeclaration of ansi port rst_enable is not allowed [D:/Jack/NTHU/2018_spring/LD exp/Lab05/lab052/lab052.srcs/sources_1/new/FSM2.v:34]
---------------------------------------------------------------------------------
Starting RTL Elaboration : Time (s): cpu = 00:00:04 ; elapsed = 00:00:05 . Memory (MB): peak = 284.176 ; gain = 76.590
---------------------------------------------------------------------------------
INFO: [Synth 8-638] synthesizing module 'lab05bo' [D:/Jack/NTHU/2018_spring/LD exp/Lab05/lab05bo/lab05bo.srcs/sources_1/new/lab05bo.v:28]
INFO: [Synth 8-638] synthesizing module 'freq_div' [D:/Jack/NTHU/2018_spring/LD exp/Lab05/lab05pre/lab05pre.srcs/sources_1/new/frequency_divider.v:23]
INFO: [Synth 8-256] done synthesizing module 'freq_div' (1#1) [D:/Jack/NTHU/2018_spring/LD exp/Lab05/lab05pre/lab05pre.srcs/sources_1/new/frequency_divider.v:23]
INFO: [Synth 8-638] synthesizing module 'FSM2' [D:/Jack/NTHU/2018_spring/LD exp/Lab05/lab052/lab052.srcs/sources_1/new/FSM2.v:24]
INFO: [Synth 8-256] done synthesizing module 'FSM2' (2#1) [D:/Jack/NTHU/2018_spring/LD exp/Lab05/lab052/lab052.srcs/sources_1/new/FSM2.v:24]
INFO: [Synth 8-638] synthesizing module 'stopwatch4' [D:/Jack/NTHU/2018_spring/LD exp/Lab05/lab05bo/lab05bo.srcs/sources_1/new/stopwatch4.v:35]
INFO: [Synth 8-226] default block is never used [D:/Jack/NTHU/2018_spring/LD exp/Lab05/lab05bo/lab05bo.srcs/sources_1/new/stopwatch4.v:56]
INFO: [Synth 8-638] synthesizing module 'downcounter' [D:/Jack/NTHU/2018_spring/LD exp/Lab05/lab05pre/lab05pre.srcs/sources_1/new/downcounter.v:23]
WARNING: [Synth 8-5788] Register value_reg in module downcounter is has both Set and reset with same priority. This may cause simulation mismatches. Consider rewriting code  [D:/Jack/NTHU/2018_spring/LD exp/Lab05/lab05pre/lab05pre.srcs/sources_1/new/downcounter.v:62]
INFO: [Synth 8-256] done synthesizing module 'downcounter' (3#1) [D:/Jack/NTHU/2018_spring/LD exp/Lab05/lab05pre/lab05pre.srcs/sources_1/new/downcounter.v:23]
INFO: [Synth 8-256] done synthesizing module 'stopwatch4' (4#1) [D:/Jack/NTHU/2018_spring/LD exp/Lab05/lab05bo/lab05bo.srcs/sources_1/new/stopwatch4.v:35]
INFO: [Synth 8-638] synthesizing module 'ssd' [D:/Jack/NTHU/2018_spring/LD exp/Lab05/lab05pre/lab05pre.srcs/sources_1/new/ssd.v:23]
INFO: [Synth 8-256] done synthesizing module 'ssd' (5#1) [D:/Jack/NTHU/2018_spring/LD exp/Lab05/lab05pre/lab05pre.srcs/sources_1/new/ssd.v:23]
INFO: [Synth 8-638] synthesizing module 'ssd_ctl' [D:/Jack/NTHU/2018_spring/LD exp/Lab05/lab05pre/lab05pre.srcs/sources_1/new/ssd_ctl.v:23]
INFO: [Synth 8-226] default block is never used [D:/Jack/NTHU/2018_spring/LD exp/Lab05/lab05pre/lab05pre.srcs/sources_1/new/ssd_ctl.v:35]
INFO: [Synth 8-256] done synthesizing module 'ssd_ctl' (6#1) [D:/Jack/NTHU/2018_spring/LD exp/Lab05/lab05pre/lab05pre.srcs/sources_1/new/ssd_ctl.v:23]
WARNING: [Synth 8-689] width (8) of port connection 'display0' does not match port width (15) of module 'ssd_ctl' [D:/Jack/NTHU/2018_spring/LD exp/Lab05/lab05bo/lab05bo.srcs/sources_1/new/lab05bo.v:116]
WARNING: [Synth 8-689] width (8) of port connection 'display1' does not match port width (15) of module 'ssd_ctl' [D:/Jack/NTHU/2018_spring/LD exp/Lab05/lab05bo/lab05bo.srcs/sources_1/new/lab05bo.v:117]
WARNING: [Synth 8-689] width (8) of port connection 'display2' does not match port width (15) of module 'ssd_ctl' [D:/Jack/NTHU/2018_spring/LD exp/Lab05/lab05bo/lab05bo.srcs/sources_1/new/lab05bo.v:118]
WARNING: [Synth 8-689] width (8) of port connection 'display3' does not match port width (15) of module 'ssd_ctl' [D:/Jack/NTHU/2018_spring/LD exp/Lab05/lab05bo/lab05bo.srcs/sources_1/new/lab05bo.v:119]
INFO: [Synth 8-256] done synthesizing module 'lab05bo' (7#1) [D:/Jack/NTHU/2018_spring/LD exp/Lab05/lab05bo/lab05bo.srcs/sources_1/new/lab05bo.v:28]
WARNING: [Synth 8-3331] design ssd_ctl has unconnected port display0[0]
WARNING: [Synth 8-3331] design ssd_ctl has unconnected port display0[1]
WARNING: [Synth 8-3331] design ssd_ctl has unconnected port display0[2]
WARNING: [Synth 8-3331] design ssd_ctl has unconnected port display0[3]
WARNING: [Synth 8-3331] design ssd_ctl has unconnected port display0[4]
WARNING: [Synth 8-3331] design ssd_ctl has unconnected port display0[5]
WARNING: [Synth 8-3331] design ssd_ctl has unconnected port display0[6]
WARNING: [Synth 8-3331] design ssd_ctl has unconnected port display1[0]
WARNING: [Synth 8-3331] design ssd_ctl has unconnected port display1[1]
WARNING: [Synth 8-3331] design ssd_ctl has unconnected port display1[2]
WARNING: [Synth 8-3331] design ssd_ctl has unconnected port display1[3]
WARNING: [Synth 8-3331] design ssd_ctl has unconnected port display1[4]
WARNING: [Synth 8-3331] design ssd_ctl has unconnected port display1[5]
WARNING: [Synth 8-3331] design ssd_ctl has unconnected port display1[6]
WARNING: [Synth 8-3331] design ssd_ctl has unconnected port display2[0]
WARNING: [Synth 8-3331] design ssd_ctl has unconnected port display2[1]
WARNING: [Synth 8-3331] design ssd_ctl has unconnected port display2[2]
WARNING: [Synth 8-3331] design ssd_ctl has unconnected port display2[3]
WARNING: [Synth 8-3331] design ssd_ctl has unconnected port display2[4]
WARNING: [Synth 8-3331] design ssd_ctl has unconnected port display2[5]
WARNING: [Synth 8-3331] design ssd_ctl has unconnected port display2[6]
WARNING: [Synth 8-3331] design ssd_ctl has unconnected port display3[0]
WARNING: [Synth 8-3331] design ssd_ctl has unconnected port display3[1]
WARNING: [Synth 8-3331] design ssd_ctl has unconnected port display3[2]
WARNING: [Synth 8-3331] design ssd_ctl has unconnected port display3[3]
WARNING: [Synth 8-3331] design ssd_ctl has unconnected port display3[4]
WARNING: [Synth 8-3331] design ssd_ctl has unconnected port display3[5]
WARNING: [Synth 8-3331] design ssd_ctl has unconnected port display3[6]
---------------------------------------------------------------------------------
Finished RTL Elaboration : Time (s): cpu = 00:00:05 ; elapsed = 00:00:06 . Memory (MB): peak = 302.078 ; gain = 94.492
---------------------------------------------------------------------------------

Report Check Netlist: 
+------+------------------+-------+---------+-------+------------------+
|      |Item              |Errors |Warnings |Status |Description       |
+------+------------------+-------+---------+-------+------------------+
|1     |multi_driven_nets |      0|        0|Passed |Multi driven nets |
+------+------------------+-------+---------+-------+------------------+
---------------------------------------------------------------------------------
Finished RTL Optimization Phase 1 : Time (s): cpu = 00:00:05 ; elapsed = 00:00:06 . Memory (MB): peak = 302.078 ; gain = 94.492
---------------------------------------------------------------------------------
INFO: [Device 21-403] Loading part xc7a35tcpg236-1
INFO: [Project 1-570] Preparing netlist for logic optimization

Processing XDC Constraints
Initializing timing engine
Parsing XDC File [D:/Jack/NTHU/2018_spring/LD exp/Lab05/lab05bo/lab05bo.srcs/constrs_1/new/lab05bo_XDC.xdc]
Finished Parsing XDC File [D:/Jack/NTHU/2018_spring/LD exp/Lab05/lab05bo/lab05bo.srcs/constrs_1/new/lab05bo_XDC.xdc]
INFO: [Project 1-236] Implementation specific constraints were found while reading constraint file [D:/Jack/NTHU/2018_spring/LD exp/Lab05/lab05bo/lab05bo.srcs/constrs_1/new/lab05bo_XDC.xdc]. These constraints will be ignored for synthesis but will be used in implementation. Impacted constraints are listed in the file [.Xil/lab05bo_propImpl.xdc].
Resolution: To avoid this warning, move constraints listed in [.Xil/lab05bo_propImpl.xdc] to another XDC file and exclude this new file from synthesis with the used_in_synthesis property (File Properties dialog in GUI) and re-run elaboration/synthesis.
Completed Processing XDC Constraints

INFO: [Project 1-111] Unisim Transformation Summary:
No Unisim elements were transformed.

Constraint Validation Runtime : Time (s): cpu = 00:00:00 ; elapsed = 00:00:00 . Memory (MB): peak = 593.297 ; gain = 0.000
---------------------------------------------------------------------------------
Finished Constraint Validation : Time (s): cpu = 00:00:11 ; elapsed = 00:00:13 . Memory (MB): peak = 593.297 ; gain = 385.711
---------------------------------------------------------------------------------
---------------------------------------------------------------------------------
Start Loading Part and Timing Information
---------------------------------------------------------------------------------
Loading part: xc7a35tcpg236-1
---------------------------------------------------------------------------------
Finished Loading Part and Timing Information : Time (s): cpu = 00:00:11 ; elapsed = 00:00:13 . Memory (MB): peak = 593.297 ; gain = 385.711
---------------------------------------------------------------------------------
---------------------------------------------------------------------------------
Start Applying 'set_property' XDC Constraints
---------------------------------------------------------------------------------
---------------------------------------------------------------------------------
Finished applying 'set_property' XDC Constraints : Time (s): cpu = 00:00:11 ; elapsed = 00:00:13 . Memory (MB): peak = 593.297 ; gain = 385.711
---------------------------------------------------------------------------------
---------------------------------------------------------------------------------
Finished RTL Optimization Phase 2 : Time (s): cpu = 00:00:11 ; elapsed = 00:00:13 . Memory (MB): peak = 593.297 ; gain = 385.711
---------------------------------------------------------------------------------

Report RTL Partitions: 
+-+--------------+------------+----------+
| |RTL Partition |Replication |Instances |
+-+--------------+------------+----------+
+-+--------------+------------+----------+
---------------------------------------------------------------------------------
Start RTL Component Statistics 
---------------------------------------------------------------------------------
Detailed RTL Component Info : 
+---Adders : 
	   2 Input      4 Bit       Adders := 3     
+---Registers : 
	                4 Bit    Registers := 6     
	                3 Bit    Registers := 1     
	                2 Bit    Registers := 1     
+---Muxes : 
	  11 Input      8 Bit        Muxes := 4     
	   4 Input      8 Bit        Muxes := 1     
	   2 Input      4 Bit        Muxes := 12    
	   4 Input      4 Bit        Muxes := 1     
	   7 Input      2 Bit        Muxes := 1     
	   4 Input      1 Bit        Muxes := 3     
	   2 Input      1 Bit        Muxes := 7     
---------------------------------------------------------------------------------
Finished RTL Component Statistics 
---------------------------------------------------------------------------------
---------------------------------------------------------------------------------
Start RTL Hierarchical Component Statistics 
---------------------------------------------------------------------------------
Hierarchical RTL Component report 
Module lab05bo 
Detailed RTL Component Info : 
+---Registers : 
	                4 Bit    Registers := 3     
Module FSM2 
Detailed RTL Component Info : 
+---Registers : 
	                3 Bit    Registers := 1     
	                2 Bit    Registers := 1     
+---Muxes : 
	   7 Input      2 Bit        Muxes := 1     
	   4 Input      1 Bit        Muxes := 3     
Module downcounter 
Detailed RTL Component Info : 
+---Adders : 
	   2 Input      4 Bit       Adders := 1     
+---Registers : 
	                4 Bit    Registers := 1     
+---Muxes : 
	   2 Input      4 Bit        Muxes := 4     
	   2 Input      1 Bit        Muxes := 2     
Module stopwatch4 
Detailed RTL Component Info : 
+---Muxes : 
	   2 Input      1 Bit        Muxes := 1     
Module ssd 
Detailed RTL Component Info : 
+---Muxes : 
	  11 Input      8 Bit        Muxes := 1     
Module ssd_ctl 
Detailed RTL Component Info : 
+---Muxes : 
	   4 Input      8 Bit        Muxes := 1     
	   4 Input      4 Bit        Muxes := 1     
---------------------------------------------------------------------------------
Finished RTL Hierarchical Component Statistics
---------------------------------------------------------------------------------
---------------------------------------------------------------------------------
Start Part Resource Summary
---------------------------------------------------------------------------------
Part Resources:
DSPs: 90 (col length:60)
BRAMs: 100 (col length: RAMB18 60 RAMB36 30)
---------------------------------------------------------------------------------
Finished Part Resource Summary
---------------------------------------------------------------------------------
Start Parallel Synthesis Optimization  : Time (s): cpu = 00:00:12 ; elapsed = 00:00:13 . Memory (MB): peak = 593.297 ; gain = 385.711
---------------------------------------------------------------------------------
Start Cross Boundary Optimization
---------------------------------------------------------------------------------
WARNING: [Synth 8-3917] design lab05bo has port display[7] driven by constant 1
---------------------------------------------------------------------------------
Finished Cross Boundary Optimization : Time (s): cpu = 00:00:12 ; elapsed = 00:00:13 . Memory (MB): peak = 593.297 ; gain = 385.711
---------------------------------------------------------------------------------
Finished Parallel Reinference  : Time (s): cpu = 00:00:12 ; elapsed = 00:00:13 . Memory (MB): peak = 593.297 ; gain = 385.711

Report RTL Partitions: 
+-+--------------+------------+----------+
| |RTL Partition |Replication |Instances |
+-+--------------+------------+----------+
+-+--------------+------------+----------+
---------------------------------------------------------------------------------
Start Area Optimization
---------------------------------------------------------------------------------
WARNING: [Synth 8-3332] Sequential element (dig2_out_reg[3]) is unused and will be removed from module lab05bo.
WARNING: [Synth 8-3332] Sequential element (dig1_out_reg[3]) is unused and will be removed from module lab05bo.
---------------------------------------------------------------------------------
Finished Area Optimization : Time (s): cpu = 00:00:12 ; elapsed = 00:00:14 . Memory (MB): peak = 593.297 ; gain = 385.711
---------------------------------------------------------------------------------
Finished Parallel Area Optimization  : Time (s): cpu = 00:00:12 ; elapsed = 00:00:14 . Memory (MB): peak = 593.297 ; gain = 385.711

Report RTL Partitions: 
+-+--------------+------------+----------+
| |RTL Partition |Replication |Instances |
+-+--------------+------------+----------+
+-+--------------+------------+----------+
---------------------------------------------------------------------------------
Start Timing Optimization
---------------------------------------------------------------------------------
---------------------------------------------------------------------------------
Start Applying XDC Timing Constraints
---------------------------------------------------------------------------------
---------------------------------------------------------------------------------
Finished Applying XDC Timing Constraints : Time (s): cpu = 00:00:20 ; elapsed = 00:00:22 . Memory (MB): peak = 593.297 ; gain = 385.711
---------------------------------------------------------------------------------
---------------------------------------------------------------------------------
Finished Timing Optimization : Time (s): cpu = 00:00:20 ; elapsed = 00:00:22 . Memory (MB): peak = 593.297 ; gain = 385.711
---------------------------------------------------------------------------------

Report RTL Partitions: 
+-+--------------+------------+----------+
| |RTL Partition |Replication |Instances |
+-+--------------+------------+----------+
+-+--------------+------------+----------+
---------------------------------------------------------------------------------
Start Technology Mapping
---------------------------------------------------------------------------------
---------------------------------------------------------------------------------
Finished Technology Mapping : Time (s): cpu = 00:00:20 ; elapsed = 00:00:22 . Memory (MB): peak = 593.297 ; gain = 385.711
---------------------------------------------------------------------------------
Finished Parallel Technology Mapping Optimization  : Time (s): cpu = 00:00:20 ; elapsed = 00:00:22 . Memory (MB): peak = 593.297 ; gain = 385.711

Report RTL Partitions: 
+-+--------------+------------+----------+
| |RTL Partition |Replication |Instances |
+-+--------------+------------+----------+
+-+--------------+------------+----------+
Finished Parallel Synthesis Optimization  : Time (s): cpu = 00:00:20 ; elapsed = 00:00:22 . Memory (MB): peak = 593.297 ; gain = 385.711
---------------------------------------------------------------------------------
Start IO Insertion
---------------------------------------------------------------------------------
---------------------------------------------------------------------------------
Start Flattening Before IO Insertion
---------------------------------------------------------------------------------
---------------------------------------------------------------------------------
Finished Flattening Before IO Insertion
---------------------------------------------------------------------------------
---------------------------------------------------------------------------------
Start Final Netlist Cleanup
---------------------------------------------------------------------------------
---------------------------------------------------------------------------------
Finished Final Netlist Cleanup
---------------------------------------------------------------------------------
---------------------------------------------------------------------------------
Finished IO Insertion : Time (s): cpu = 00:00:21 ; elapsed = 00:00:22 . Memory (MB): peak = 593.297 ; gain = 385.711
---------------------------------------------------------------------------------

Report Check Netlist: 
+------+------------------+-------+---------+-------+------------------+
|      |Item              |Errors |Warnings |Status |Description       |
+------+------------------+-------+---------+-------+------------------+
|1     |multi_driven_nets |      0|        0|Passed |Multi driven nets |
+------+------------------+-------+---------+-------+------------------+
---------------------------------------------------------------------------------
Start Renaming Generated Instances
---------------------------------------------------------------------------------
---------------------------------------------------------------------------------
Finished Renaming Generated Instances : Time (s): cpu = 00:00:21 ; elapsed = 00:00:22 . Memory (MB): peak = 593.297 ; gain = 385.711
---------------------------------------------------------------------------------

Report RTL Partitions: 
+-+--------------+------------+----------+
| |RTL Partition |Replication |Instances |
+-+--------------+------------+----------+
+-+--------------+------------+----------+
---------------------------------------------------------------------------------
Start Rebuilding User Hierarchy
---------------------------------------------------------------------------------
---------------------------------------------------------------------------------
Finished Rebuilding User Hierarchy : Time (s): cpu = 00:00:21 ; elapsed = 00:00:22 . Memory (MB): peak = 593.297 ; gain = 385.711
---------------------------------------------------------------------------------
---------------------------------------------------------------------------------
Start Renaming Generated Ports
---------------------------------------------------------------------------------
---------------------------------------------------------------------------------
Finished Renaming Generated Ports : Time (s): cpu = 00:00:21 ; elapsed = 00:00:22 . Memory (MB): peak = 593.297 ; gain = 385.711
---------------------------------------------------------------------------------
---------------------------------------------------------------------------------
Start Handling Custom Attributes
---------------------------------------------------------------------------------
---------------------------------------------------------------------------------
Finished Handling Custom Attributes : Time (s): cpu = 00:00:21 ; elapsed = 00:00:22 . Memory (MB): peak = 593.297 ; gain = 385.711
---------------------------------------------------------------------------------
---------------------------------------------------------------------------------
Start Renaming Generated Nets
---------------------------------------------------------------------------------
---------------------------------------------------------------------------------
Finished Renaming Generated Nets : Time (s): cpu = 00:00:21 ; elapsed = 00:00:22 . Memory (MB): peak = 593.297 ; gain = 385.711
---------------------------------------------------------------------------------
---------------------------------------------------------------------------------
Start Writing Synthesis Report
---------------------------------------------------------------------------------

Report BlackBoxes: 
+-+--------------+----------+
| |BlackBox name |Instances |
+-+--------------+----------+
+-+--------------+----------+

Report Cell Usage: 
+------+-------+------+
|      |Cell   |Count |
+------+-------+------+
|1     |BUFG   |     1|
|2     |CARRY4 |     7|
|3     |LUT1   |    26|
|4     |LUT2   |     8|
|5     |LUT3   |     5|
|6     |LUT4   |     7|
|7     |LUT5   |    16|
|8     |LUT6   |    29|
|9     |FDCE   |    46|
|10    |FDPE   |     3|
|11    |FDRE   |     5|
|12    |LDC    |     2|
|13    |IBUF   |     3|
|14    |OBUF   |    28|
+------+-------+------+

Report Instance Areas: 
+------+---------+--------------+------+
|      |Instance |Module        |Cells |
+------+---------+--------------+------+
|1     |top      |              |   186|
|2     |  U_FD   |freq_div      |    87|
|3     |  U_fsm  |FSM2          |    16|
|4     |  U_sw   |stopwatch4    |    40|
|5     |    Udc0 |downcounter   |    11|
|6     |    Udc1 |downcounter_0 |    16|
|7     |    Udc2 |downcounter_1 |    13|
+------+---------+--------------+------+
---------------------------------------------------------------------------------
Finished Writing Synthesis Report : Time (s): cpu = 00:00:21 ; elapsed = 00:00:22 . Memory (MB): peak = 593.297 ; gain = 385.711
---------------------------------------------------------------------------------
Synthesis finished with 0 errors, 0 critical warnings and 3 warnings.
Synthesis Optimization Runtime : Time (s): cpu = 00:00:12 ; elapsed = 00:00:16 . Memory (MB): peak = 593.297 ; gain = 94.492
Synthesis Optimization Complete : Time (s): cpu = 00:00:21 ; elapsed = 00:00:23 . Memory (MB): peak = 593.297 ; gain = 385.711
INFO: [Project 1-571] Translating synthesized netlist
INFO: [Netlist 29-17] Analyzing 12 Unisim elements for replacement
INFO: [Netlist 29-28] Unisim Transformation completed in 0 CPU seconds
INFO: [Project 1-570] Preparing netlist for logic optimization
INFO: [Opt 31-138] Pushed 0 inverter(s) to 0 load pin(s).
INFO: [Project 1-111] Unisim Transformation Summary:
  A total of 2 instances were transformed.
  LDC => LDCE: 2 instances

INFO: [Common 17-83] Releasing license: Synthesis
28 Infos, 45 Warnings, 0 Critical Warnings and 0 Errors encountered.
synth_design completed successfully
synth_design: Time (s): cpu = 00:00:21 ; elapsed = 00:00:21 . Memory (MB): peak = 593.297 ; gain = 385.711
report_utilization: Time (s): cpu = 00:00:00 ; elapsed = 00:00:00 . Memory (MB): peak = 593.297 ; gain = 0.000
INFO: [Common 17-206] Exiting Vivado at Mon Apr 02 18:48:27 2018...
