Copyright 1986-2016 Xilinx, Inc. All Rights Reserved.
------------------------------------------------------------------------------------
| Tool Version : Vivado v.2016.2 (win64) Build 1577090 Thu Jun  2 16:32:40 MDT 2016
| Date         : Mon Jun 04 16:14:46 2018
| Host         : Jack-GL552VW running 64-bit major release  (build 9200)
| Command      : report_control_sets -verbose -file top_control_sets_placed.rpt
| Design       : top
| Device       : xc7a35t
------------------------------------------------------------------------------------

Control Set Information

Table of Contents
-----------------
1. Summary
2. Flip-Flop Distribution
3. Detailed Control Set Information

1. Summary
----------

+----------------------------------------------------------+-------+
|                          Status                          | Count |
+----------------------------------------------------------+-------+
| Number of unique control sets                            |     4 |
| Unused register locations in slices containing registers |    23 |
+----------------------------------------------------------+-------+


2. Flip-Flop Distribution
-------------------------

+--------------+-----------------------+------------------------+-----------------+--------------+
| Clock Enable | Synchronous Set/Reset | Asynchronous Set/Reset | Total Registers | Total Slices |
+--------------+-----------------------+------------------------+-----------------+--------------+
| No           | No                    | No                     |              27 |            8 |
| No           | No                    | Yes                    |               6 |            2 |
| No           | Yes                   | No                     |               0 |            0 |
| Yes          | No                    | No                     |               0 |            0 |
| Yes          | No                    | Yes                    |               0 |            0 |
| Yes          | Yes                   | No                     |               0 |            0 |
+--------------+-----------------------+------------------------+-----------------+--------------+


3. Detailed Control Set Information
-----------------------------------

+----------------------------+---------------+------------------+------------------+----------------+
|        Clock Signal        | Enable Signal | Set/Reset Signal | Slice Load Count | Bel Load Count |
+----------------------------+---------------+------------------+------------------+----------------+
|  nolabel_line11/led_reg[3] |               |                  |                1 |              1 |
|  clk_IBUF_BUFG             |               | rst_IBUF         |                1 |              1 |
|  nolabel_line11/led_reg[3] |               | rst_IBUF         |                1 |              5 |
|  clk_IBUF_BUFG             |               |                  |                7 |             26 |
+----------------------------+---------------+------------------+------------------+----------------+


