Unable to capture context for thread 15976 in process 9060, can not generate back trace
Unable to capture context for thread 14728 in process 9060, can not generate back trace
Unable to capture context for thread 11556 in process 9060, can not generate back trace
Exception at PC 0x00007FF8263F4008
Unable to capture context for thread 11556 in process 9060, can not generate back trace
Exception at PC 0x00007FFF9FAEBB93
Printing stacktrace...

Exception at PC 0x00007FF8263F4008
Exception at PC 0x00007FF8263F4008
Exception at PC 0x00007FF8263F4008
Exception at PC 0x00007FF8263F4008
Exception at PC 0x00007FF8263F4008
Exception at PC 0x00007FF8263F4008
Exception at PC 0x00007FF8263F4008
Exception at PC 0x00007FF8263F4008
Exception at PC 0x00007FF8263F4008
Exception at PC 0x00007FF8263F4008
Exception at PC 0x00007FF8263F4008
[0]  [0x00007FFF9FAEBB93]
[1]  [0x00007FFF9FAEBB93]
[2]  [0x00007FFF9FAEB4A1]
[3]  [0x00007FFF9FAEB3EF]
[4]  [0x00007FFF9FAD19FE]
[5]  [0x00007FFF9FAD0ED1]
[6]  [0x00007FFF9FAD0D76]
[7]  [0x00007FFF9FA779F6]
[8]  [0x00007FFF9FA67AFB]
[9]  [0x00007FFF9FB8E90A]
[10]  [0x00007FFF9FBA9F87]
[11]  [0x00007FFF9FBAA05F]
[12] (BaseThreadInitThunk+0x14) [0x00007FF8272B1FE4]
[13] (RtlUserThreadStart+0x21) [0x00007FF829BCF061]
Done
Exception at PC 0x00007FF8263F4008
Exception at PC 0x00007FF8263F4008
Exception at PC 0x00007FF8263F4008
Exception at PC 0x00007FF8263F4008
Exception at PC 0x00007FF8263F4008
Exception at PC 0x00007FF8263F4008
