Unable to capture context for thread 22044 in process 18864, can not generate back trace
Unable to capture context for thread 22044 in process 18864, can not generate back trace
Exception at PC 0x00007FF891214008
Exception at PC 0x00007FF810E4BB93
Printing stacktrace...

Exception at PC 0x00007FF891214008
Exception at PC 0x00007FF891214008
Exception at PC 0x00007FF891214008
Exception at PC 0x00007FF891214008
Exception at PC 0x00007FF891214008
Exception at PC 0x00007FF891214008
Exception at PC 0x00007FF891214008
Exception at PC 0x00007FF891214008
Exception at PC 0x00007FF891214008
Exception at PC 0x00007FF891214008
Exception at PC 0x00007FF891214008
Exception at PC 0x00007FF891214008
Exception at PC 0x00007FF891214008
[0]  [0x00007FF810E4BB93]
[1]  [0x00007FF810E4BB93]
[2]  [0x00007FF810E4B4A1]
[3]  [0x00007FF810E4B3EF]
[4]  [0x00007FF810E319FE]
[5]  [0x00007FF810E30ED1]
[6]  [0x00007FF810E30D76]
[7]  [0x00007FF810DD79F6]
[8]  [0x00007FF810DC7AFB]
[9]  [0x00007FF810EEE90A]
[10]  [0x00007FF810F09F87]
[11]  [0x00007FF810F0A05F]
[12] (BaseThreadInitThunk+0x14) [0x00007FF8925F1FE4]
[13] (RtlUserThreadStart+0x21) [0x00007FF894DEEFC1]
Done
Exception at PC 0x00007FF891214008
Exception at PC 0x00007FF891214008
Exception at PC 0x00007FF891214008
Exception at PC 0x00007FF891214008
