Unable to capture context for thread 12140 in process 10952, can not generate back trace
Exception at PC 0x00007FFD3E2BBB93
Printing stacktrace...

Unable to capture context for thread 12140 in process 10952, can not generate back trace
Exception at PC 0x00007FFDB3D34008
Exception at PC 0x00007FFDB3D34008
Exception at PC 0x00007FFDB3D34008
Exception at PC 0x00007FFDB3D34008
Exception at PC 0x00007FFDB3D34008
Exception at PC 0x00007FFDB3D34008
Exception at PC 0x00007FFDB3D34008
Exception at PC 0x00007FFDB3D34008
Exception at PC 0x00007FFDB3D34008
Exception at PC 0x00007FFDB3D34008
[0]  [0x00007FFD3E2BBB93]
[1]  [0x00007FFD3E2BBB93]
[2]  [0x00007FFD3E2BB4A1]
[3]  [0x00007FFD3E2BB3EF]
[4]  [0x00007FFD3E2A19FE]
[5]  [0x00007FFD3E2A0ED1]
[6]  [0x00007FFD3E2A0D76]
[7]  [0x00007FFD3E2479F6]
[8]  [0x00007FFD3E237AFB]
[9]  [0x00007FFD3E35E90A]
[10]  [0x00007FFD3E379F87]
[11]  [0x00007FFD3E37A05F]
[12] (BaseThreadInitThunk+0x14) [0x00007FFDB6D81FE4]
[13] (RtlUserThreadStart+0x21) [0x00007FFDB6F9F061]
Done
Exception at PC 0x00007FFDB3D34008
Exception at PC 0x00007FFDB3D34008
Exception at PC 0x00007FFDB3D34008
Exception at PC 0x00007FFDB3D34008
Exception at PC 0x00007FFDB3D34008
Exception at PC 0x00007FFDB3D34008
Exception at PC 0x00007FFDB3D34008
Exception at PC 0x00007FFDB3D34008
