#-----------------------------------------------------------
# Vivado v2016.2 (64-bit)
# SW Build 1577090 on Thu Jun  2 16:32:40 MDT 2016
# IP Build 1577682 on Fri Jun  3 12:00:54 MDT 2016
# Start of session at: Sat Mar 17 22:08:24 2018
# Process ID: 13652
# Current directory: D:/Jack/NTHU/2018_spring/LD exp/Lab02/Lab02
# Command line: vivado.exe -gui_launcher_event rodinguilauncherevent21576 D:\Jack\NTHU\2018_spring\LD exp\Lab02\Lab02\Lab02.xpr
# Log file: D:/Jack/NTHU/2018_spring/LD exp/Lab02/Lab02/vivado.log
# Journal file: D:/Jack/NTHU/2018_spring/LD exp/Lab02/Lab02\vivado.jou
#-----------------------------------------------------------
start_gui
open_project {D:/Jack/NTHU/2018_spring/LD exp/Lab02/Lab02/Lab02.xpr}
Scanning sources...
Finished scanning sources
INFO: [IP_Flow 19-234] Refreshing IP repositories
INFO: [IP_Flow 19-1704] No user IP repositories specified
INFO: [IP_Flow 19-2313] Loaded Vivado IP repository 'D:/Tools/Xilinx/Vivado/2016.2/data/ip'.
open_project: Time (s): cpu = 00:00:14 ; elapsed = 00:00:12 . Memory (MB): peak = 733.402 ; gain = 95.727
update_compile_order -fileset sources_1
exit
INFO: [Common 17-206] Exiting Vivado at Sat Mar 17 22:09:26 2018...
