Copyright 1986-2016 Xilinx, Inc. All Rights Reserved.
------------------------------------------------------------------------------------
| Tool Version : Vivado v.2016.2 (win64) Build 1577090 Thu Jun  2 16:32:40 MDT 2016
| Date         : Thu May 24 17:48:41 2018
| Host         : Jack-GL552VW running 64-bit major release  (build 9200)
| Command      : report_control_sets -verbose -file top_control_sets_placed.rpt
| Design       : top
| Device       : xc7a35t
------------------------------------------------------------------------------------

Control Set Information

Table of Contents
-----------------
1. Summary
2. Flip-Flop Distribution
3. Detailed Control Set Information

1. Summary
----------

+----------------------------------------------------------+-------+
|                          Status                          | Count |
+----------------------------------------------------------+-------+
| Number of unique control sets                            |    16 |
| Unused register locations in slices containing registers |    56 |
+----------------------------------------------------------+-------+


2. Flip-Flop Distribution
-------------------------

+--------------+-----------------------+------------------------+-----------------+--------------+
| Clock Enable | Synchronous Set/Reset | Asynchronous Set/Reset | Total Registers | Total Slices |
+--------------+-----------------------+------------------------+-----------------+--------------+
| No           | No                    | No                     |              31 |           20 |
| No           | No                    | Yes                    |              21 |            6 |
| No           | Yes                   | No                     |              30 |           15 |
| Yes          | No                    | No                     |              28 |           14 |
| Yes          | No                    | Yes                    |               0 |            0 |
| Yes          | Yes                   | No                     |              42 |           14 |
+--------------+-----------------------+------------------------+-----------------+--------------+


3. Detailed Control Set Information
-----------------------------------

+----------------------------+-------------------------------+------------------------------------------+------------------+----------------+
|        Clock Signal        |         Enable Signal         |             Set/Reset Signal             | Slice Load Count | Bel Load Count |
+----------------------------+-------------------------------+------------------------------------------+------------------+----------------+
|  TestingKeyboard/vgaRed[3] |                               | vga_inst/vgaRed[3]_15                    |                1 |              1 |
|  clk_IBUF_BUFG             |                               | TestingKeyboard/read4_out                |                1 |              1 |
|  clk_IBUF_BUFG             | TestingKeyboard/TRIGGER       |                                          |                1 |              1 |
|  clk_wiz_0_inst/Q[0]       |                               | rst_IBUF                                 |                2 |              2 |
|  clk_IBUF_BUFG             | TestingKeyboard/COUNT         | TestingKeyboard/COUNT[3]_i_1_n_0         |                1 |              4 |
|  clk_IBUF_BUFG             |                               | TestingKeyboard/CODEWORD[7]_i_1_n_0      |                4 |              8 |
|  clk_IBUF_BUFG             |                               | TestingKeyboard/DOWNCOUNTER[7]_i_1_n_0   |                2 |              8 |
|  clk_IBUF_BUFG             | TestingKeyboard/A[7]_i_1_n_0  |                                          |                4 |              8 |
|  clk_IBUF_BUFG             | TestingKeyboard/B[7]_i_1_n_0  |                                          |                4 |              8 |
|  clk_wiz_0_inst/Q[0]       |                               | vga_inst/pixel_cnt[9]_i_1_n_0            |                5 |             10 |
|  clk_wiz_0_inst/Q[0]       | vga_inst/line_cnt             | vga_inst/line_cnt[9]_i_1_n_0             |                4 |             10 |
|  clk_IBUF_BUFG             | TestingKeyboard/read4_out     |                                          |                5 |             11 |
|  clk_IBUF_BUFG             | TestingKeyboard/TRIGGER       | TestingKeyboard/count_reading[0]_i_1_n_0 |                3 |             12 |
|  clk_IBUF_BUFG             | TestingKeyboard/S[15]_i_2_n_0 | TestingKeyboard/S[15]_i_1_n_0            |                6 |             16 |
|  clk_IBUF_BUFG             |                               | rst_IBUF                                 |                6 |             21 |
|  clk_IBUF_BUFG             |                               |                                          |               20 |             31 |
+----------------------------+-------------------------------+------------------------------------------+------------------+----------------+


