Unable to capture context for thread 6364 in process 9888, can not generate back trace
Unable to capture context for thread 2600 in process 9888, can not generate back trace
Unable to capture context for thread 20868 in process 9888, can not generate back trace
Exception at PC 0x00007FFB00594008
Unable to capture context for thread 20868 in process 9888, can not generate back trace
Exception at PC 0x00007FFA8986BB93
Printing stacktrace...

Exception at PC 0x00007FFB00594008
Exception at PC 0x00007FFB00594008
Exception at PC 0x00007FFB00594008
Exception at PC 0x00007FFB00594008
Exception at PC 0x00007FFB00594008
Exception at PC 0x00007FFB00594008
Exception at PC 0x00007FFB00594008
Exception at PC 0x00007FFB00594008
Exception at PC 0x00007FFB00594008
Exception at PC 0x00007FFB00594008
Exception at PC 0x00007FFB00594008
Exception at PC 0x00007FFB00594008
[0]  [0x00007FFA8986BB93]
[1]  [0x00007FFA8986BB93]
[2]  [0x00007FFA8986B4A1]
[3]  [0x00007FFA8986B3EF]
[4]  [0x00007FFA898519FE]
[5]  [0x00007FFA89850ED1]
[6]  [0x00007FFA89850D76]
[7]  [0x00007FFA897F79F6]
[8]  [0x00007FFA897E7AFB]
[9]  [0x00007FFA8990E90A]
[10]  [0x00007FFA89929F87]
[11]  [0x00007FFA8992A05F]
[12] (BaseThreadInitThunk+0x14) [0x00007FFB02021FE4]
[13] (RtlUserThreadStart+0x21) [0x00007FFB0376EFC1]
Done
Exception at PC 0x00007FFB00594008
Exception at PC 0x00007FFB00594008
Exception at PC 0x00007FFB00594008
Exception at PC 0x00007FFB00594008
Exception at PC 0x00007FFB00594008
