#-----------------------------------------------------------
# Vivado v2016.2 (64-bit)
# SW Build 1577090 on Thu Jun  2 16:32:40 MDT 2016
# IP Build 1577682 on Fri Jun  3 12:00:54 MDT 2016
# Start of session at: Fri May 18 21:51:21 2018
# Process ID: 960
# Current directory: D:/Jack/NTHU/2018_spring/LD exp/Lab10/Lab101
# Command line: vivado.exe -gui_launcher_event rodinguilauncherevent7420 D:\Jack\NTHU\2018_spring\LD exp\Lab10\Lab101\Lab101.xpr
# Log file: D:/Jack/NTHU/2018_spring/LD exp/Lab10/Lab101/vivado.log
# Journal file: D:/Jack/NTHU/2018_spring/LD exp/Lab10/Lab101\vivado.jou
#-----------------------------------------------------------
start_gui
open_project {D:/Jack/NTHU/2018_spring/LD exp/Lab10/Lab101/Lab101.xpr}
Scanning sources...
Finished scanning sources
INFO: [IP_Flow 19-234] Refreshing IP repositories
INFO: [IP_Flow 19-1704] No user IP repositories specified
INFO: [IP_Flow 19-2313] Loaded Vivado IP repository 'D:/Tools/Xilinx/Vivado/2016.2/data/ip'.
open_project: Time (s): cpu = 00:00:24 ; elapsed = 00:00:20 . Memory (MB): peak = 769.559 ; gain = 102.320
update_compile_order -fileset sources_1
close_project
open_project {D:/Jack/NTHU/2018_spring/LD exp/Lab10/Lab102/Lab1022/Lab1022.xpr}
Scanning sources...
Finished scanning sources
INFO: [IP_Flow 19-234] Refreshing IP repositories
INFO: [IP_Flow 19-1704] No user IP repositories specified
INFO: [IP_Flow 19-2313] Loaded Vivado IP repository 'D:/Tools/Xilinx/Vivado/2016.2/data/ip'.
update_compile_order -fileset sources_1
close_project
open_project {D:/Jack/NTHU/2018_spring/LD exp/Lab10/Lab1032/Lab1032.xpr}
Scanning sources...
Finished scanning sources
INFO: [IP_Flow 19-234] Refreshing IP repositories
INFO: [IP_Flow 19-1704] No user IP repositories specified
INFO: [IP_Flow 19-2313] Loaded Vivado IP repository 'D:/Tools/Xilinx/Vivado/2016.2/data/ip'.
update_compile_order -fileset sources_1
