
*** Running vivado
    with args -log countdown.vdi -applog -m64 -messageDb vivado.pb -mode batch -source countdown.tcl -notrace


****** Vivado v2016.2 (64-bit)
  **** SW Build 1577090 on Thu Jun  2 16:32:40 MDT 2016
  **** IP Build 1577682 on Fri Jun  3 12:00:54 MDT 2016
    ** Copyright 1986-2016 Xilinx, Inc. All Rights Reserved.

source countdown.tcl -notrace
Design is defaulting to srcset: sources_1
Design is defaulting to constrset: constrs_1
INFO: [Netlist 29-17] Analyzing 11 Unisim elements for replacement
INFO: [Netlist 29-28] Unisim Transformation completed in 0 CPU seconds
INFO: [Project 1-479] Netlist was created with Vivado 2016.2
INFO: [Device 21-403] Loading part xc7a35tcpg236-1
INFO: [Project 1-570] Preparing netlist for logic optimization
Parsing XDC File [D:/Jack/NTHU/2018_spring/LD exp/Lab05/lab051/lab051.srcs/constrs_1/new/lab051_XDC.xdc]
Finished Parsing XDC File [D:/Jack/NTHU/2018_spring/LD exp/Lab05/lab051/lab051.srcs/constrs_1/new/lab051_XDC.xdc]
INFO: [Opt 31-138] Pushed 0 inverter(s) to 0 load pin(s).
INFO: [Project 1-111] Unisim Transformation Summary:
No Unisim elements were transformed.

INFO: [Vivado_Tcl 4-424] Cannot write hardware definition file as there are no IPI block design hardware handoff files present
Command: opt_design
Attempting to get a license for feature 'Implementation' and/or device 'xc7a35t'
INFO: [Common 17-349] Got license for feature 'Implementation' and/or device 'xc7a35t'
Running DRC as a precondition to command opt_design

Starting DRC Task
INFO: [DRC 23-27] Running DRC with 2 threads
INFO: [Project 1-461] DRC finished with 0 Errors
INFO: [Project 1-462] Please refer to the DRC report (report_drc) for more information.

Time (s): cpu = 00:00:00 ; elapsed = 00:00:00.078 . Memory (MB): peak = 441.699 ; gain = 3.961
INFO: [Timing 38-35] Done setting XDC timing constraints.

Starting Logic Optimization Task
Implement Debug Cores | Checksum: 2917da613

Phase 1 Retarget
INFO: [Opt 31-138] Pushed 0 inverter(s) to 0 load pin(s).
INFO: [Opt 31-49] Retargeted 0 cell(s).
Phase 1 Retarget | Checksum: 2917da613

Time (s): cpu = 00:00:00 ; elapsed = 00:00:00.031 . Memory (MB): peak = 908.141 ; gain = 0.000

Phase 2 Constant Propagation
INFO: [Opt 31-138] Pushed 0 inverter(s) to 0 load pin(s).
INFO: [Opt 31-10] Eliminated 0 cells.
Phase 2 Constant Propagation | Checksum: 2917da613

Time (s): cpu = 00:00:00 ; elapsed = 00:00:00.031 . Memory (MB): peak = 908.141 ; gain = 0.000

Phase 3 Sweep
INFO: [Opt 31-12] Eliminated 19 unconnected nets.
INFO: [Opt 31-11] Eliminated 0 unconnected cells.
Phase 3 Sweep | Checksum: 19310ceff

Time (s): cpu = 00:00:00 ; elapsed = 00:00:00.047 . Memory (MB): peak = 908.141 ; gain = 0.000

Starting Connectivity Check Task

Time (s): cpu = 00:00:00 ; elapsed = 00:00:00 . Memory (MB): peak = 908.141 ; gain = 0.000
Ending Logic Optimization Task | Checksum: 19310ceff

Time (s): cpu = 00:00:00 ; elapsed = 00:00:00.047 . Memory (MB): peak = 908.141 ; gain = 0.000

Starting Power Optimization Task
INFO: [Pwropt 34-132] Skipping clock gating for clocks with a period < 2.00 ns.
Ending Power Optimization Task | Checksum: 19310ceff

Time (s): cpu = 00:00:00 ; elapsed = 00:00:00 . Memory (MB): peak = 908.141 ; gain = 0.000
INFO: [Common 17-83] Releasing license: Implementation
21 Infos, 0 Warnings, 0 Critical Warnings and 0 Errors encountered.
opt_design completed successfully
opt_design: Time (s): cpu = 00:00:10 ; elapsed = 00:00:10 . Memory (MB): peak = 908.141 ; gain = 470.402
Writing placer database...
Writing XDEF routing.
Writing XDEF routing logical nets.
Writing XDEF routing special nets.
Write XDEF Complete: Time (s): cpu = 00:00:00 ; elapsed = 00:00:00.031 . Memory (MB): peak = 908.141 ; gain = 0.000
INFO: [DRC 23-27] Running DRC with 2 threads
INFO: [Coretcl 2-168] The results of DRC are in file D:/Jack/NTHU/2018_spring/LD exp/Lab05/lab051/lab051.runs/impl_1/countdown_drc_opted.rpt.
INFO: [Chipscope 16-241] No debug cores found in the current design.
Before running the implement_debug_core command, either use the Set Up Debug wizard (GUI mode)
or use the create_debug_core and connect_debug_core Tcl commands to insert debug cores into the design.
Command: place_design
Attempting to get a license for feature 'Implementation' and/or device 'xc7a35t'
INFO: [Common 17-349] Got license for feature 'Implementation' and/or device 'xc7a35t'
INFO: [DRC 23-27] Running DRC with 2 threads
INFO: [Vivado_Tcl 4-198] DRC finished with 0 Errors
INFO: [Vivado_Tcl 4-199] Please refer to the DRC report (report_drc) for more information.
Running DRC as a precondition to command place_design
INFO: [DRC 23-27] Running DRC with 2 threads
INFO: [Vivado_Tcl 4-198] DRC finished with 0 Errors
INFO: [Vivado_Tcl 4-199] Please refer to the DRC report (report_drc) for more information.

Starting Placer Task
INFO: [Place 30-611] Multithreading enabled for place_design using a maximum of 2 CPUs

Phase 1 Placer Initialization
Netlist sorting complete. Time (s): cpu = 00:00:00 ; elapsed = 00:00:00 . Memory (MB): peak = 908.141 ; gain = 0.000
Netlist sorting complete. Time (s): cpu = 00:00:00 ; elapsed = 00:00:00 . Memory (MB): peak = 908.141 ; gain = 0.000

Phase 1.1 IO Placement/ Clock Placement/ Build Placer Device

Phase 1.1.1 ParallelPlaceIOClockAndInitTop

Phase 1.1.1.1 Pre-Place Cells
Phase 1.1.1.1 Pre-Place Cells | Checksum: e92fe0a5

Time (s): cpu = 00:00:00 ; elapsed = 00:00:00.015 . Memory (MB): peak = 908.141 ; gain = 0.000

Phase 1.1.1.2 Constructing HAPIClkRuleMgr
Phase 1.1.1.2 Constructing HAPIClkRuleMgr | Checksum: e92fe0a5

Time (s): cpu = 00:00:00 ; elapsed = 00:00:00.031 . Memory (MB): peak = 908.141 ; gain = 0.000
INFO: [Timing 38-35] Done setting XDC timing constraints.

Phase 1.1.1.3 IO and Clk Clean Up

Phase 1.1.1.3.1 Constructing HAPIClkRuleMgr
Phase 1.1.1.3.1 Constructing HAPIClkRuleMgr | Checksum: e92fe0a5

Time (s): cpu = 00:00:01 ; elapsed = 00:00:00.672 . Memory (MB): peak = 922.555 ; gain = 14.414
Phase 1.1.1.3 IO and Clk Clean Up | Checksum: e92fe0a5

Time (s): cpu = 00:00:01 ; elapsed = 00:00:00.687 . Memory (MB): peak = 922.555 ; gain = 14.414

Phase 1.1.1.4 Implementation Feasibility check On IDelay
Phase 1.1.1.4 Implementation Feasibility check On IDelay | Checksum: e92fe0a5

Time (s): cpu = 00:00:01 ; elapsed = 00:00:00.687 . Memory (MB): peak = 922.555 ; gain = 14.414

Phase 1.1.1.5 Commit IO Placement
Phase 1.1.1.5 Commit IO Placement | Checksum: 19818a79

Time (s): cpu = 00:00:01 ; elapsed = 00:00:00.687 . Memory (MB): peak = 922.555 ; gain = 14.414
Phase 1.1.1 ParallelPlaceIOClockAndInitTop | Checksum: 19818a79

Time (s): cpu = 00:00:01 ; elapsed = 00:00:00.687 . Memory (MB): peak = 922.555 ; gain = 14.414
Phase 1.1 IO Placement/ Clock Placement/ Build Placer Device | Checksum: 472b995e

Time (s): cpu = 00:00:01 ; elapsed = 00:00:00.687 . Memory (MB): peak = 922.555 ; gain = 14.414

Phase 1.2 Build Placer Netlist Model

Phase 1.2.1 Place Init Design

Phase 1.2.1.1 Make Others
Phase 1.2.1.1 Make Others | Checksum: a943fdf5

Time (s): cpu = 00:00:01 ; elapsed = 00:00:00.703 . Memory (MB): peak = 922.555 ; gain = 14.414
Phase 1.2.1 Place Init Design | Checksum: 88711549

Time (s): cpu = 00:00:01 ; elapsed = 00:00:00.703 . Memory (MB): peak = 922.555 ; gain = 14.414
Phase 1.2 Build Placer Netlist Model | Checksum: 88711549

Time (s): cpu = 00:00:01 ; elapsed = 00:00:00.703 . Memory (MB): peak = 922.555 ; gain = 14.414

Phase 1.3 Constrain Clocks/Macros
Phase 1.3 Constrain Clocks/Macros | Checksum: 88711549

Time (s): cpu = 00:00:01 ; elapsed = 00:00:00.703 . Memory (MB): peak = 922.555 ; gain = 14.414
Phase 1 Placer Initialization | Checksum: 88711549

Time (s): cpu = 00:00:01 ; elapsed = 00:00:00.703 . Memory (MB): peak = 922.555 ; gain = 14.414

Phase 2 Global Placement
Phase 2 Global Placement | Checksum: bdc1709e

Time (s): cpu = 00:00:01 ; elapsed = 00:00:00.812 . Memory (MB): peak = 922.555 ; gain = 14.414

Phase 3 Detail Placement

Phase 3.1 Commit Multi Column Macros
Phase 3.1 Commit Multi Column Macros | Checksum: bdc1709e

Time (s): cpu = 00:00:01 ; elapsed = 00:00:00.812 . Memory (MB): peak = 922.555 ; gain = 14.414

Phase 3.2 Commit Most Macros & LUTRAMs
Phase 3.2 Commit Most Macros & LUTRAMs | Checksum: 1bfaa833e

Time (s): cpu = 00:00:01 ; elapsed = 00:00:00.828 . Memory (MB): peak = 922.555 ; gain = 14.414

Phase 3.3 Area Swap Optimization
Phase 3.3 Area Swap Optimization | Checksum: 18b8a1ecc

Time (s): cpu = 00:00:01 ; elapsed = 00:00:00.828 . Memory (MB): peak = 922.555 ; gain = 14.414

Phase 3.4 Small Shape Detail Placement
Phase 3.4 Small Shape Detail Placement | Checksum: 1bd559eae

Time (s): cpu = 00:00:02 ; elapsed = 00:00:00.984 . Memory (MB): peak = 922.555 ; gain = 14.414

Phase 3.5 Re-assign LUT pins
Phase 3.5 Re-assign LUT pins | Checksum: 1bd559eae

Time (s): cpu = 00:00:02 ; elapsed = 00:00:00.984 . Memory (MB): peak = 922.555 ; gain = 14.414

Phase 3.6 Pipeline Register Optimization
Phase 3.6 Pipeline Register Optimization | Checksum: 1bd559eae

Time (s): cpu = 00:00:02 ; elapsed = 00:00:00.984 . Memory (MB): peak = 922.555 ; gain = 14.414
Phase 3 Detail Placement | Checksum: 1bd559eae

Time (s): cpu = 00:00:02 ; elapsed = 00:00:00.984 . Memory (MB): peak = 922.555 ; gain = 14.414

Phase 4 Post Placement Optimization and Clean-Up

Phase 4.1 Post Commit Optimization
Phase 4.1 Post Commit Optimization | Checksum: 1bd559eae

Time (s): cpu = 00:00:02 ; elapsed = 00:00:00.984 . Memory (MB): peak = 922.555 ; gain = 14.414

Phase 4.2 Sweep Clock Roots: Post-Placement
Phase 4.2 Sweep Clock Roots: Post-Placement | Checksum: 1bd559eae

Time (s): cpu = 00:00:02 ; elapsed = 00:00:00.984 . Memory (MB): peak = 922.555 ; gain = 14.414

Phase 4.3 Post Placement Cleanup
Phase 4.3 Post Placement Cleanup | Checksum: 1bd559eae

Time (s): cpu = 00:00:02 ; elapsed = 00:00:00.984 . Memory (MB): peak = 922.555 ; gain = 14.414

Phase 4.4 Placer Reporting
Phase 4.4 Placer Reporting | Checksum: 1bd559eae

Time (s): cpu = 00:00:02 ; elapsed = 00:00:00.984 . Memory (MB): peak = 922.555 ; gain = 14.414

Phase 4.5 Final Placement Cleanup
Phase 4.5 Final Placement Cleanup | Checksum: 28bfadf58

Time (s): cpu = 00:00:02 ; elapsed = 00:00:00.984 . Memory (MB): peak = 922.555 ; gain = 14.414
Phase 4 Post Placement Optimization and Clean-Up | Checksum: 28bfadf58

Time (s): cpu = 00:00:02 ; elapsed = 00:00:01 . Memory (MB): peak = 922.555 ; gain = 14.414
Ending Placer Task | Checksum: 1c42e0230

Time (s): cpu = 00:00:02 ; elapsed = 00:00:01 . Memory (MB): peak = 922.555 ; gain = 14.414
INFO: [Common 17-83] Releasing license: Implementation
34 Infos, 0 Warnings, 0 Critical Warnings and 0 Errors encountered.
place_design completed successfully
Writing placer database...
Writing XDEF routing.
Writing XDEF routing logical nets.
Writing XDEF routing special nets.
Write XDEF Complete: Time (s): cpu = 00:00:00 ; elapsed = 00:00:00.047 . Memory (MB): peak = 922.555 ; gain = 0.000
report_io: Time (s): cpu = 00:00:00 ; elapsed = 00:00:00.031 . Memory (MB): peak = 922.555 ; gain = 0.000
report_utilization: Time (s): cpu = 00:00:00 ; elapsed = 00:00:00.016 . Memory (MB): peak = 922.555 ; gain = 0.000
report_control_sets: Time (s): cpu = 00:00:00 ; elapsed = 00:00:00 . Memory (MB): peak = 922.555 ; gain = 0.000
Command: route_design
Attempting to get a license for feature 'Implementation' and/or device 'xc7a35t'
INFO: [Common 17-349] Got license for feature 'Implementation' and/or device 'xc7a35t'
Running DRC as a precondition to command route_design
INFO: [DRC 23-27] Running DRC with 2 threads
INFO: [Vivado_Tcl 4-198] DRC finished with 0 Errors
INFO: [Vivado_Tcl 4-199] Please refer to the DRC report (report_drc) for more information.


Starting Routing Task
INFO: [Route 35-254] Multithreading enabled for route_design using a maximum of 2 CPUs
Checksum: PlaceDB: c7deb2a1 ConstDB: 0 ShapeSum: fc4f4f8f RouteDB: 0

Phase 1 Build RT Design
Phase 1 Build RT Design | Checksum: 1d744cca7

Time (s): cpu = 00:00:21 ; elapsed = 00:00:19 . Memory (MB): peak = 997.508 ; gain = 74.953

Phase 2 Router Initialization
INFO: [Route 35-64] No timing constraints were detected. The router will operate in resource-optimization mode.

Phase 2.1 Fix Topology Constraints
Phase 2.1 Fix Topology Constraints | Checksum: 1d744cca7

Time (s): cpu = 00:00:21 ; elapsed = 00:00:19 . Memory (MB): peak = 1002.223 ; gain = 79.668

Phase 2.2 Pre Route Cleanup
Phase 2.2 Pre Route Cleanup | Checksum: 1d744cca7

Time (s): cpu = 00:00:21 ; elapsed = 00:00:19 . Memory (MB): peak = 1002.223 ; gain = 79.668
 Number of Nodes with overlaps = 0
Phase 2 Router Initialization | Checksum: bf3a55de

Time (s): cpu = 00:00:21 ; elapsed = 00:00:19 . Memory (MB): peak = 1005.414 ; gain = 82.859

Phase 3 Initial Routing
Phase 3 Initial Routing | Checksum: 1505af601

Time (s): cpu = 00:00:21 ; elapsed = 00:00:19 . Memory (MB): peak = 1005.414 ; gain = 82.859

Phase 4 Rip-up And Reroute

Phase 4.1 Global Iteration 0
 Number of Nodes with overlaps = 8
 Number of Nodes with overlaps = 0
Phase 4.1 Global Iteration 0 | Checksum: 114132433

Time (s): cpu = 00:00:21 ; elapsed = 00:00:19 . Memory (MB): peak = 1005.414 ; gain = 82.859
Phase 4 Rip-up And Reroute | Checksum: 114132433

Time (s): cpu = 00:00:21 ; elapsed = 00:00:19 . Memory (MB): peak = 1005.414 ; gain = 82.859

Phase 5 Delay and Skew Optimization
Phase 5 Delay and Skew Optimization | Checksum: 114132433

Time (s): cpu = 00:00:21 ; elapsed = 00:00:19 . Memory (MB): peak = 1005.414 ; gain = 82.859

Phase 6 Post Hold Fix

Phase 6.1 Hold Fix Iter
Phase 6.1 Hold Fix Iter | Checksum: 114132433

Time (s): cpu = 00:00:21 ; elapsed = 00:00:19 . Memory (MB): peak = 1005.414 ; gain = 82.859
Phase 6 Post Hold Fix | Checksum: 114132433

Time (s): cpu = 00:00:21 ; elapsed = 00:00:19 . Memory (MB): peak = 1005.414 ; gain = 82.859

Phase 7 Route finalize

Router Utilization Summary
  Global Vertical Routing Utilization    = 0.0218449 %
  Global Horizontal Routing Utilization  = 0.030583 %
  Routable Net Status*
  *Does not include unroutable nets such as driverless and loadless.
  Run report_route_status for detailed report.
  Number of Failed Nets               = 0
  Number of Unrouted Nets             = 0
  Number of Partially Routed Nets     = 0
  Number of Node Overlaps             = 0

Congestion Report
North Dir 1x1 Area, Max Cong = 8.10811%, No Congested Regions.
South Dir 1x1 Area, Max Cong = 15.3153%, No Congested Regions.
East Dir 1x1 Area, Max Cong = 23.5294%, No Congested Regions.
West Dir 1x1 Area, Max Cong = 10.2941%, No Congested Regions.
Phase 7 Route finalize | Checksum: 114132433

Time (s): cpu = 00:00:21 ; elapsed = 00:00:19 . Memory (MB): peak = 1005.414 ; gain = 82.859

Phase 8 Verifying routed nets

 Verification completed successfully
Phase 8 Verifying routed nets | Checksum: 114132433

Time (s): cpu = 00:00:21 ; elapsed = 00:00:19 . Memory (MB): peak = 1006.914 ; gain = 84.359

Phase 9 Depositing Routes
Phase 9 Depositing Routes | Checksum: 1b4912626

Time (s): cpu = 00:00:21 ; elapsed = 00:00:19 . Memory (MB): peak = 1006.914 ; gain = 84.359
INFO: [Route 35-16] Router Completed Successfully

Time (s): cpu = 00:00:21 ; elapsed = 00:00:19 . Memory (MB): peak = 1006.914 ; gain = 84.359

Routing Is Done.
INFO: [Common 17-83] Releasing license: Implementation
42 Infos, 0 Warnings, 0 Critical Warnings and 0 Errors encountered.
route_design completed successfully
route_design: Time (s): cpu = 00:00:21 ; elapsed = 00:00:19 . Memory (MB): peak = 1006.914 ; gain = 84.359
Writing placer database...
Writing XDEF routing.
Writing XDEF routing logical nets.
Writing XDEF routing special nets.
Write XDEF Complete: Time (s): cpu = 00:00:00 ; elapsed = 00:00:00.062 . Memory (MB): peak = 1006.914 ; gain = 0.000
INFO: [DRC 23-27] Running DRC with 2 threads
INFO: [Coretcl 2-168] The results of DRC are in file D:/Jack/NTHU/2018_spring/LD exp/Lab05/lab051/lab051.runs/impl_1/countdown_drc_routed.rpt.
INFO: [Timing 38-91] UpdateTimingParams: Speed grade: -1, Delay Type: min_max.
INFO: [Timing 38-191] Multithreading enabled for timing update using a maximum of 2 CPUs
WARNING: [Timing 38-313] There are no user specified timing constraints. Timing constraints are needed for proper timing analysis.
WARNING: [Power 33-232] No user defined clocks were found in the design!
Resolution: Please specify clocks using create_clock/create_generated_clock for sequential elements. For pure combinatorial circuits, please specify a virtual clock, otherwise the vectorless estimation might be inaccurate
Running Vector-less Activity Propagation...

Finished Running Vector-less Activity Propagation
Attempting to get a license for feature 'Implementation' and/or device 'xc7a35t'
INFO: [Common 17-349] Got license for feature 'Implementation' and/or device 'xc7a35t'
Running DRC as a precondition to command write_bitstream
INFO: [DRC 23-27] Running DRC with 2 threads
WARNING: [DRC 23-20] Rule violation (CFGBVS-1) Missing CFGBVS and CONFIG_VOLTAGE Design Properties - Neither the CFGBVS nor CONFIG_VOLTAGE voltage property is set in the current_design.  Configuration bank voltage select (CFGBVS) must be set to VCCO or GND, and CONFIG_VOLTAGE must be set to the correct configuration voltage, in order to determine the I/O voltage support for the pins in bank 0.  It is suggested to specify these either using the 'Edit Device Properties' function in the GUI or directly in the XDC file using the following syntax:

 set_property CFGBVS value1 [current_design]
 #where value1 is either VCCO or GND

 set_property CONFIG_VOLTAGE value2 [current_design]
 #where value2 is the voltage provided to configuration bank 0

Refer to the device configuration user guide for more information.
WARNING: [DRC 23-20] Rule violation (PDRC-153) Gated clock check - Net U_sw/Udc0/value_reg[0]_C_0 is a gated clock net sourced by a combinational pin U_sw/Udc0/value_reg[2]_LDC_i_2/O, cell U_sw/Udc0/value_reg[2]_LDC_i_2. This is not good design practice and will likely impact performance. For SLICE registers, for example, use the CE pin to control the loading of data.
WARNING: [DRC 23-20] Rule violation (PDRC-153) Gated clock check - Net U_sw/Udc0/value_reg[0]_P_0 is a gated clock net sourced by a combinational pin U_sw/Udc0/value_reg[2]_LDC_i_1/O, cell U_sw/Udc0/value_reg[2]_LDC_i_1. This is not good design practice and will likely impact performance. For SLICE registers, for example, use the CE pin to control the loading of data.
INFO: [Vivado 12-3199] DRC finished with 0 Errors, 3 Warnings
INFO: [Vivado 12-3200] Please refer to the DRC report (report_drc) for more information.
INFO: [Designutils 20-2272] Running write_bitstream with 2 threads.
Loading data files...
Loading site data...
Loading route data...
Processing options...
Creating bitmap...
Creating bitstream...
Writing bitstream ./countdown.bit...
INFO: [Vivado 12-1842] Bitgen Completed Successfully.
INFO: [Project 1-120] WebTalk data collection is mandatory when using a WebPACK part without a full Vivado license. To see the specific WebTalk data collected for your design, open the usage_statistics_webtalk.html or usage_statistics_webtalk.xml file in the implementation directory.
存取被拒。
存取被拒。
INFO: [Common 17-83] Releasing license: Implementation
write_bitstream: Time (s): cpu = 00:00:12 ; elapsed = 00:00:11 . Memory (MB): peak = 1358.410 ; gain = 326.910
INFO: [Vivado_Tcl 4-395] Unable to parse hwdef file countdown.hwdef
INFO: [Common 17-206] Exiting Vivado at Mon Apr 02 17:03:41 2018...
