
*** Running vivado
    with args -log lab04bo.vds -m64 -mode batch -messageDb vivado.pb -notrace -source lab04bo.tcl


****** Vivado v2016.2 (64-bit)
  **** SW Build 1577090 on Thu Jun  2 16:32:40 MDT 2016
  **** IP Build 1577682 on Fri Jun  3 12:00:54 MDT 2016
    ** Copyright 1986-2016 Xilinx, Inc. All Rights Reserved.

source lab04bo.tcl -notrace
Command: synth_design -top lab04bo -part xc7a35tcpg236-1
Starting synth_design
Attempting to get a license for feature 'Synthesis' and/or device 'xc7a35t'
INFO: [Common 17-349] Got license for feature 'Synthesis' and/or device 'xc7a35t'
INFO: Launching helper process for spawning children vivado processes
INFO: Helper process launched with PID 14616 
WARNING: [Synth 8-2611] redeclaration of ansi port D_ssd is not allowed [D:/Jack/NTHU/2018_spring/LD exp/Lab04/lab044/lab044.srcs/sources_1/new/lab04bo.v:35]
WARNING: [Synth 8-2611] redeclaration of ansi port ssd_ctl is not allowed [D:/Jack/NTHU/2018_spring/LD exp/Lab04/lab044/lab044.srcs/sources_1/new/lab04bo.v:38]
---------------------------------------------------------------------------------
Starting RTL Elaboration : Time (s): cpu = 00:00:06 ; elapsed = 00:00:15 . Memory (MB): peak = 284.016 ; gain = 76.578
---------------------------------------------------------------------------------
INFO: [Synth 8-638] synthesizing module 'lab04bo' [D:/Jack/NTHU/2018_spring/LD exp/Lab04/lab044/lab044.srcs/sources_1/new/lab04bo.v:25]
INFO: [Synth 8-155] case statement is not full and has no default [D:/Jack/NTHU/2018_spring/LD exp/Lab04/lab044/lab044.srcs/sources_1/new/lab04bo.v:120]
INFO: [Synth 8-226] default block is never used [D:/Jack/NTHU/2018_spring/LD exp/Lab04/lab044/lab044.srcs/sources_1/new/lab04bo.v:126]
WARNING: [Synth 8-5788] Register ssd_ctl_reg in module lab04bo is has both Set and reset with same priority. This may cause simulation mismatches. Consider rewriting code  [D:/Jack/NTHU/2018_spring/LD exp/Lab04/lab044/lab044.srcs/sources_1/new/lab04bo.v:115]
WARNING: [Synth 8-5788] Register num_reg in module lab04bo is has both Set and reset with same priority. This may cause simulation mismatches. Consider rewriting code  [D:/Jack/NTHU/2018_spring/LD exp/Lab04/lab044/lab044.srcs/sources_1/new/lab04bo.v:121]
WARNING: [Synth 8-5788] Register D_ssd_reg in module lab04bo is has both Set and reset with same priority. This may cause simulation mismatches. Consider rewriting code  [D:/Jack/NTHU/2018_spring/LD exp/Lab04/lab044/lab044.srcs/sources_1/new/lab04bo.v:127]
INFO: [Synth 8-256] done synthesizing module 'lab04bo' (1#1) [D:/Jack/NTHU/2018_spring/LD exp/Lab04/lab044/lab044.srcs/sources_1/new/lab04bo.v:25]
---------------------------------------------------------------------------------
Finished RTL Elaboration : Time (s): cpu = 00:00:07 ; elapsed = 00:00:16 . Memory (MB): peak = 301.859 ; gain = 94.422
---------------------------------------------------------------------------------

Report Check Netlist: 
+------+------------------+-------+---------+-------+------------------+
|      |Item              |Errors |Warnings |Status |Description       |
+------+------------------+-------+---------+-------+------------------+
|1     |multi_driven_nets |      0|        0|Passed |Multi driven nets |
+------+------------------+-------+---------+-------+------------------+
---------------------------------------------------------------------------------
Finished RTL Optimization Phase 1 : Time (s): cpu = 00:00:07 ; elapsed = 00:00:17 . Memory (MB): peak = 301.859 ; gain = 94.422
---------------------------------------------------------------------------------
INFO: [Device 21-403] Loading part xc7a35tcpg236-1
INFO: [Project 1-570] Preparing netlist for logic optimization

Processing XDC Constraints
Initializing timing engine
Parsing XDC File [D:/Jack/NTHU/2018_spring/LD exp/Lab04/lab044/lab044.srcs/constrs_1/new/lab04bo_XDC.xdc]
Finished Parsing XDC File [D:/Jack/NTHU/2018_spring/LD exp/Lab04/lab044/lab044.srcs/constrs_1/new/lab04bo_XDC.xdc]
INFO: [Project 1-236] Implementation specific constraints were found while reading constraint file [D:/Jack/NTHU/2018_spring/LD exp/Lab04/lab044/lab044.srcs/constrs_1/new/lab04bo_XDC.xdc]. These constraints will be ignored for synthesis but will be used in implementation. Impacted constraints are listed in the file [.Xil/lab04bo_propImpl.xdc].
Resolution: To avoid this warning, move constraints listed in [.Xil/lab04bo_propImpl.xdc] to another XDC file and exclude this new file from synthesis with the used_in_synthesis property (File Properties dialog in GUI) and re-run elaboration/synthesis.
Completed Processing XDC Constraints

INFO: [Project 1-111] Unisim Transformation Summary:
No Unisim elements were transformed.

Constraint Validation Runtime : Time (s): cpu = 00:00:00 ; elapsed = 00:00:00.031 . Memory (MB): peak = 587.008 ; gain = 0.000
---------------------------------------------------------------------------------
Finished Constraint Validation : Time (s): cpu = 00:00:18 ; elapsed = 00:00:36 . Memory (MB): peak = 587.008 ; gain = 379.570
---------------------------------------------------------------------------------
---------------------------------------------------------------------------------
Start Loading Part and Timing Information
---------------------------------------------------------------------------------
Loading part: xc7a35tcpg236-1
---------------------------------------------------------------------------------
Finished Loading Part and Timing Information : Time (s): cpu = 00:00:18 ; elapsed = 00:00:36 . Memory (MB): peak = 587.008 ; gain = 379.570
---------------------------------------------------------------------------------
---------------------------------------------------------------------------------
Start Applying 'set_property' XDC Constraints
---------------------------------------------------------------------------------
---------------------------------------------------------------------------------
Finished applying 'set_property' XDC Constraints : Time (s): cpu = 00:00:18 ; elapsed = 00:00:36 . Memory (MB): peak = 587.008 ; gain = 379.570
---------------------------------------------------------------------------------
---------------------------------------------------------------------------------
Finished RTL Optimization Phase 2 : Time (s): cpu = 00:00:18 ; elapsed = 00:00:37 . Memory (MB): peak = 587.008 ; gain = 379.570
---------------------------------------------------------------------------------

Report RTL Partitions: 
+-+--------------+------------+----------+
| |RTL Partition |Replication |Instances |
+-+--------------+------------+----------+
+-+--------------+------------+----------+
---------------------------------------------------------------------------------
Start RTL Component Statistics 
---------------------------------------------------------------------------------
Detailed RTL Component Info : 
+---Registers : 
	                8 Bit    Registers := 1     
	                4 Bit    Registers := 2     
	                1 Bit    Registers := 1     
+---Muxes : 
	   4 Input      4 Bit        Muxes := 2     
	   2 Input      4 Bit        Muxes := 4     
	   3 Input      4 Bit        Muxes := 1     
---------------------------------------------------------------------------------
Finished RTL Component Statistics 
---------------------------------------------------------------------------------
---------------------------------------------------------------------------------
Start RTL Hierarchical Component Statistics 
---------------------------------------------------------------------------------
Hierarchical RTL Component report 
Module lab04bo 
Detailed RTL Component Info : 
+---Registers : 
	                8 Bit    Registers := 1     
	                4 Bit    Registers := 2     
	                1 Bit    Registers := 1     
+---Muxes : 
	   4 Input      4 Bit        Muxes := 2     
	   2 Input      4 Bit        Muxes := 4     
	   3 Input      4 Bit        Muxes := 1     
---------------------------------------------------------------------------------
Finished RTL Hierarchical Component Statistics
---------------------------------------------------------------------------------
---------------------------------------------------------------------------------
Start Part Resource Summary
---------------------------------------------------------------------------------
Part Resources:
DSPs: 90 (col length:60)
BRAMs: 100 (col length: RAMB18 60 RAMB36 30)
---------------------------------------------------------------------------------
Finished Part Resource Summary
---------------------------------------------------------------------------------
Start Parallel Synthesis Optimization  : Time (s): cpu = 00:00:19 ; elapsed = 00:00:37 . Memory (MB): peak = 587.008 ; gain = 379.570
---------------------------------------------------------------------------------
Start Cross Boundary Optimization
---------------------------------------------------------------------------------
---------------------------------------------------------------------------------
Finished Cross Boundary Optimization : Time (s): cpu = 00:00:19 ; elapsed = 00:00:37 . Memory (MB): peak = 587.008 ; gain = 379.570
---------------------------------------------------------------------------------
Finished Parallel Reinference  : Time (s): cpu = 00:00:19 ; elapsed = 00:00:37 . Memory (MB): peak = 587.008 ; gain = 379.570

Report RTL Partitions: 
+-+--------------+------------+----------+
| |RTL Partition |Replication |Instances |
+-+--------------+------------+----------+
+-+--------------+------------+----------+
---------------------------------------------------------------------------------
Start Area Optimization
---------------------------------------------------------------------------------
INFO: [Synth 8-3886] merging instance 'num_reg' (FDE) to 'D_ssd_reg[2]'
INFO: [Synth 8-3886] merging instance 'D_ssd_reg[0]' (FDE) to 'D_ssd_reg[1]'
INFO: [Synth 8-3333] propagating constant 1 across sequential element (\D_ssd_reg[1] )
INFO: [Synth 8-3886] merging instance 'D_ssd_reg[2]' (FDE) to 'D_ssd_reg[3]'
INFO: [Synth 8-3886] merging instance 'D_ssd_reg[3]' (FDE) to 'D_ssd_reg[4]'
INFO: [Synth 8-3886] merging instance 'D_ssd_reg[4]' (FDE) to 'D_ssd_reg[7]'
INFO: [Synth 8-3886] merging instance 'D_ssd_reg[5]' (FDE) to 'D_ssd_reg[6]'
INFO: [Synth 8-3333] propagating constant 0 across sequential element (\D_ssd_reg[6] )
WARNING: [Synth 8-3332] Sequential element (num_reg) is unused and will be removed from module lab04bo.
WARNING: [Synth 8-3332] Sequential element (D_ssd_reg[6]) is unused and will be removed from module lab04bo.
WARNING: [Synth 8-3332] Sequential element (D_ssd_reg[5]) is unused and will be removed from module lab04bo.
WARNING: [Synth 8-3332] Sequential element (D_ssd_reg[1]) is unused and will be removed from module lab04bo.
WARNING: [Synth 8-3332] Sequential element (D_ssd_reg[0]) is unused and will be removed from module lab04bo.
WARNING: [Synth 8-3332] Sequential element (D_ssd_reg[2]) is unused and will be removed from module lab04bo.
WARNING: [Synth 8-3332] Sequential element (D_ssd_reg[3]) is unused and will be removed from module lab04bo.
WARNING: [Synth 8-3332] Sequential element (D_ssd_reg[4]) is unused and will be removed from module lab04bo.
---------------------------------------------------------------------------------
Finished Area Optimization : Time (s): cpu = 00:00:19 ; elapsed = 00:00:38 . Memory (MB): peak = 587.008 ; gain = 379.570
---------------------------------------------------------------------------------
Finished Parallel Area Optimization  : Time (s): cpu = 00:00:19 ; elapsed = 00:00:38 . Memory (MB): peak = 587.008 ; gain = 379.570

Report RTL Partitions: 
+-+--------------+------------+----------+
| |RTL Partition |Replication |Instances |
+-+--------------+------------+----------+
+-+--------------+------------+----------+
---------------------------------------------------------------------------------
Start Timing Optimization
---------------------------------------------------------------------------------
---------------------------------------------------------------------------------
Start Applying XDC Timing Constraints
---------------------------------------------------------------------------------
---------------------------------------------------------------------------------
Finished Applying XDC Timing Constraints : Time (s): cpu = 00:00:31 ; elapsed = 00:00:52 . Memory (MB): peak = 587.008 ; gain = 379.570
---------------------------------------------------------------------------------
---------------------------------------------------------------------------------
Finished Timing Optimization : Time (s): cpu = 00:00:31 ; elapsed = 00:00:52 . Memory (MB): peak = 587.008 ; gain = 379.570
---------------------------------------------------------------------------------

Report RTL Partitions: 
+-+--------------+------------+----------+
| |RTL Partition |Replication |Instances |
+-+--------------+------------+----------+
+-+--------------+------------+----------+
---------------------------------------------------------------------------------
Start Technology Mapping
---------------------------------------------------------------------------------
---------------------------------------------------------------------------------
Finished Technology Mapping : Time (s): cpu = 00:00:31 ; elapsed = 00:00:52 . Memory (MB): peak = 587.008 ; gain = 379.570
---------------------------------------------------------------------------------
Finished Parallel Technology Mapping Optimization  : Time (s): cpu = 00:00:31 ; elapsed = 00:00:52 . Memory (MB): peak = 587.008 ; gain = 379.570

Report RTL Partitions: 
+-+--------------+------------+----------+
| |RTL Partition |Replication |Instances |
+-+--------------+------------+----------+
+-+--------------+------------+----------+
Finished Parallel Synthesis Optimization  : Time (s): cpu = 00:00:31 ; elapsed = 00:00:52 . Memory (MB): peak = 587.008 ; gain = 379.570
---------------------------------------------------------------------------------
Start IO Insertion
---------------------------------------------------------------------------------
---------------------------------------------------------------------------------
Start Flattening Before IO Insertion
---------------------------------------------------------------------------------
---------------------------------------------------------------------------------
Finished Flattening Before IO Insertion
---------------------------------------------------------------------------------
---------------------------------------------------------------------------------
Start Final Netlist Cleanup
---------------------------------------------------------------------------------
---------------------------------------------------------------------------------
Finished Final Netlist Cleanup
---------------------------------------------------------------------------------
---------------------------------------------------------------------------------
Finished IO Insertion : Time (s): cpu = 00:00:32 ; elapsed = 00:00:52 . Memory (MB): peak = 587.008 ; gain = 379.570
---------------------------------------------------------------------------------

Report Check Netlist: 
+------+------------------+-------+---------+-------+------------------+
|      |Item              |Errors |Warnings |Status |Description       |
+------+------------------+-------+---------+-------+------------------+
|1     |multi_driven_nets |      0|        0|Passed |Multi driven nets |
+------+------------------+-------+---------+-------+------------------+
---------------------------------------------------------------------------------
Start Renaming Generated Instances
---------------------------------------------------------------------------------
---------------------------------------------------------------------------------
Finished Renaming Generated Instances : Time (s): cpu = 00:00:32 ; elapsed = 00:00:52 . Memory (MB): peak = 587.008 ; gain = 379.570
---------------------------------------------------------------------------------

Report RTL Partitions: 
+-+--------------+------------+----------+
| |RTL Partition |Replication |Instances |
+-+--------------+------------+----------+
+-+--------------+------------+----------+
---------------------------------------------------------------------------------
Start Rebuilding User Hierarchy
---------------------------------------------------------------------------------
---------------------------------------------------------------------------------
Finished Rebuilding User Hierarchy : Time (s): cpu = 00:00:32 ; elapsed = 00:00:52 . Memory (MB): peak = 587.008 ; gain = 379.570
---------------------------------------------------------------------------------
---------------------------------------------------------------------------------
Start Renaming Generated Ports
---------------------------------------------------------------------------------
---------------------------------------------------------------------------------
Finished Renaming Generated Ports : Time (s): cpu = 00:00:32 ; elapsed = 00:00:52 . Memory (MB): peak = 587.008 ; gain = 379.570
---------------------------------------------------------------------------------
---------------------------------------------------------------------------------
Start Handling Custom Attributes
---------------------------------------------------------------------------------
---------------------------------------------------------------------------------
Finished Handling Custom Attributes : Time (s): cpu = 00:00:32 ; elapsed = 00:00:52 . Memory (MB): peak = 587.008 ; gain = 379.570
---------------------------------------------------------------------------------
---------------------------------------------------------------------------------
Start Renaming Generated Nets
---------------------------------------------------------------------------------
---------------------------------------------------------------------------------
Finished Renaming Generated Nets : Time (s): cpu = 00:00:32 ; elapsed = 00:00:52 . Memory (MB): peak = 587.008 ; gain = 379.570
---------------------------------------------------------------------------------
---------------------------------------------------------------------------------
Start Writing Synthesis Report
---------------------------------------------------------------------------------

Report BlackBoxes: 
+-+--------------+----------+
| |BlackBox name |Instances |
+-+--------------+----------+
+-+--------------+----------+

Report Cell Usage: 
+------+-------+------+
|      |Cell   |Count |
+------+-------+------+
|1     |BUFG   |     1|
|2     |CARRY4 |     7|
|3     |LUT1   |    28|
|4     |LUT2   |     4|
|5     |LUT3   |     1|
|6     |LUT4   |     1|
|7     |LUT5   |     3|
|8     |LUT6   |     9|
|9     |FDCE   |    29|
|10    |FDPE   |     2|
|11    |FDRE   |     5|
|12    |IBUF   |     7|
|13    |OBUF   |    12|
+------+-------+------+

Report Instance Areas: 
+------+---------+-------+------+
|      |Instance |Module |Cells |
+------+---------+-------+------+
|1     |top      |       |   109|
+------+---------+-------+------+
---------------------------------------------------------------------------------
Finished Writing Synthesis Report : Time (s): cpu = 00:00:32 ; elapsed = 00:00:53 . Memory (MB): peak = 587.008 ; gain = 379.570
---------------------------------------------------------------------------------
Synthesis finished with 0 errors, 0 critical warnings and 8 warnings.
Synthesis Optimization Runtime : Time (s): cpu = 00:00:18 ; elapsed = 00:00:29 . Memory (MB): peak = 587.008 ; gain = 94.422
Synthesis Optimization Complete : Time (s): cpu = 00:00:32 ; elapsed = 00:00:53 . Memory (MB): peak = 587.008 ; gain = 379.570
INFO: [Project 1-571] Translating synthesized netlist
INFO: [Netlist 29-17] Analyzing 14 Unisim elements for replacement
INFO: [Netlist 29-28] Unisim Transformation completed in 0 CPU seconds
INFO: [Project 1-570] Preparing netlist for logic optimization
INFO: [Opt 31-138] Pushed 0 inverter(s) to 0 load pin(s).
INFO: [Project 1-111] Unisim Transformation Summary:
No Unisim elements were transformed.

INFO: [Common 17-83] Releasing license: Synthesis
24 Infos, 13 Warnings, 0 Critical Warnings and 0 Errors encountered.
synth_design completed successfully
synth_design: Time (s): cpu = 00:00:31 ; elapsed = 00:00:47 . Memory (MB): peak = 587.008 ; gain = 379.570
report_utilization: Time (s): cpu = 00:00:00 ; elapsed = 00:00:00.243 . Memory (MB): peak = 587.008 ; gain = 0.000
INFO: [Common 17-206] Exiting Vivado at Fri Mar 23 00:00:35 2018...
