Unable to capture context for thread 12824 in process 16904, can not generate back trace
Exception at PC 0x00007FFDD8DEBB93
Printing stacktrace...

Unable to capture context for thread 12824 in process 16904, can not generate back trace
Exception at PC 0x00007FFE2BC64008
Exception at PC 0x00007FFE2BC64008
Exception at PC 0x00007FFE2BC64008
Exception at PC 0x00007FFE2BC64008
Exception at PC 0x00007FFE2BC64008
Exception at PC 0x00007FFE2BC64008
Exception at PC 0x00007FFE2BC64008
Exception at PC 0x00007FFE2BC64008
Exception at PC 0x00007FFE2BC64008
Exception at PC 0x00007FFE2BC64008
Exception at PC 0x00007FFE2BC64008
Exception at PC 0x00007FFE2BC64008
Exception at PC 0x00007FFE2BC64008
[0]  [0x00007FFDD8DEBB93]
[1]  [0x00007FFDD8DEBB93]
[2]  [0x00007FFDD8DEB4A1]
[3]  [0x00007FFDD8DEB3EF]
[4]  [0x00007FFDD8DD19FE]
[5]  [0x00007FFDD8DD0ED1]
[6]  [0x00007FFDD8DD0D76]
[7]  [0x00007FFDD8D779F6]
[8]  [0x00007FFDD8D67AFB]
[9]  [0x00007FFDD8E8E90A]
[10]  [0x00007FFDD8EA9F87]
[11]  [0x00007FFDD8EAA05F]
[12] (BaseThreadInitThunk+0x14) [0x00007FFE2D081FE4]
[13] (RtlUserThreadStart+0x21) [0x00007FFE2F8BEFC1]
Done
Exception at PC 0x00007FFE2BC64008
Exception at PC 0x00007FFE2BC64008
Exception at PC 0x00007FFE2BC64008
Exception at PC 0x00007FFE2BC64008
Exception at PC 0x00007FFE2BC64008
